Using pre-set license

 COMMAND LINE ARGUMENTS:
/Applications/Unity/Hub/Editor/2020.3.9f1/Unity.app/Contents/MacOS/Unity
-adb2
-batchMode
-noUpm
-name
AssetImportWorker0
-projectPath
/Users/jaredclark/Desktop/Chess Game
-logFile
Logs/AssetImportWorker0.log
-srvPort
57970
Successfully changed project path to: /Users/jaredclark/Desktop/Chess Game
/Users/jaredclark/Desktop/Chess Game
Using Asset Import Pipeline V2.
Refreshing native plugins compatible for Editor in 35.80 ms, found 1 plugins.
Preloading 0 native plugins for Editor in 0.00 ms.
Initialize engine version: 2020.3.9f1 (108be757e447)
[Subsystems] Discovering subsystems at path /Applications/Unity/Hub/Editor/2020.3.9f1/Unity.app/Contents/Resources/UnitySubsystems
[Subsystems] Discovering subsystems at path /Users/jaredclark/Desktop/Chess Game/Assets
GfxDevice: creating device client; threaded=0
2021-08-22 14:20:05.756 Unity[63578:2879596] Color LCD preferred device: Intel(R) Iris(TM) Graphics 6100 (low power)
2021-08-22 14:20:05.756 Unity[63578:2879596] Metal devices available: 1
2021-08-22 14:20:05.756 Unity[63578:2879596] 0: Intel(R) Iris(TM) Graphics 6100 (low power)
2021-08-22 14:20:05.756 Unity[63578:2879596] Using device Intel(R) Iris(TM) Graphics 6100 (low power)
Initializing Metal device caps: Intel(R) Iris(TM) Graphics 6100
Initialize mono
Mono path[0] = '/Applications/Unity/Hub/Editor/2020.3.9f1/Unity.app/Contents/Managed'
Mono path[1] = '/Applications/Unity/Hub/Editor/2020.3.9f1/Unity.app/Contents/MonoBleedingEdge/lib/mono/unityjit'
Mono config path = '/Applications/Unity/Hub/Editor/2020.3.9f1/Unity.app/Contents/MonoBleedingEdge/etc'
Using monoOptions --debugger-agent=transport=dt_socket,embedding=1,server=y,suspend=n,address=127.0.0.1:56578
Begin MonoManager ReloadAssembly
Registering precompiled unity dll's ...
Register platform support module: /Applications/Unity/Hub/Editor/2020.3.9f1/PlaybackEngines/WebGLSupport/UnityEditor.WebGL.Extensions.dll
Register platform support module: /Applications/Unity/Hub/Editor/2020.3.9f1/Unity.app/Contents/PlaybackEngines/MacStandaloneSupport/UnityEditor.OSXStandalone.Extensions.dll
Registered in 0.004083 seconds.
Native extension for OSXStandalone target not found
Native extension for WebGL target not found
Refreshing native plugins compatible for Editor in 34.71 ms, found 1 plugins.
Preloading 0 native plugins for Editor in 0.00 ms.
Mono: successfully reloaded assembly
- Completed reload, in  2.511 seconds
Platform modules already initialized, skipping
Registering precompiled user dll's ...
Registered in 0.001158 seconds.
Begin MonoManager ReloadAssembly
Native extension for OSXStandalone target not found
Native extension for WebGL target not found
Refreshing native plugins compatible for Editor in 0.23 ms, found 1 plugins.
Preloading 0 native plugins for Editor in 0.00 ms.
Mono: successfully reloaded assembly
- Completed reload, in  1.371 seconds
Platform modules already initialized, skipping
========================================================================
Worker process is ready to serve import requests
Launching external process: /Applications/Unity/Hub/Editor/2020.3.9f1/Unity.app/Contents/Tools/UnityShaderCompiler
Launched and connected shader compiler UnityShaderCompiler after 0.02 seconds
Refreshing native plugins compatible for Editor in 0.22 ms, found 1 plugins.
Preloading 0 native plugins for Editor in 0.00 ms.
Unloading 1125 Unused Serialized files (Serialized files now loaded: 0)
System memory in use before: 108.5 MB.
System memory in use after: 108.5 MB.

Unloading 10 unused Assets to reduce memory usage. Loaded Objects now: 1567.
Total: 1.973426 ms (FindLiveObjects: 0.158491 ms CreateObjectMapping: 0.035857 ms MarkObjects: 1.631806 ms  DeleteObjects: 0.145718 ms)

========================================================================
Received Import Request.
  path: Assets/Free Low Poly Chess Set/Example
  artifactKey: Guid(17f63639778de4241bb1bc2b9522e1f9) Importer(815301076,1909f56bfc062723c751e8b465ee728b)
Start importing Assets/Free Low Poly Chess Set/Example using Guid(17f63639778de4241bb1bc2b9522e1f9) Importer(815301076,1909f56bfc062723c751e8b465ee728b)  -> (artifact id: 'be5e4e0a4da3ba22b630524e386dcd42') in 0.009129 seconds
  Import took 0.012358 seconds .

========================================================================
Received Import Request.
  Time since last request: 4.018775 seconds.
  path: Assets/Free Low Poly Chess Set/Board
  artifactKey: Guid(a54e9288ac6a0f049b10177ecf1bfdec) Importer(815301076,1909f56bfc062723c751e8b465ee728b)
Start importing Assets/Free Low Poly Chess Set/Board using Guid(a54e9288ac6a0f049b10177ecf1bfdec) Importer(815301076,1909f56bfc062723c751e8b465ee728b)  -> (artifact id: '2c8d44f7b4f82d1551291e9d9eae3aa0') in 0.002853 seconds
  Import took 0.015591 seconds .

========================================================================
Received Import Request.
  Time since last request: 0.003213 seconds.
  path: Assets/Free Low Poly Chess Set/Board
  artifactKey: Guid(a54e9288ac6a0f049b10177ecf1bfdec) Importer(815301076,1909f56bfc062723c751e8b465ee728b)
Start importing Assets/Free Low Poly Chess Set/Board using Guid(a54e9288ac6a0f049b10177ecf1bfdec) Importer(815301076,1909f56bfc062723c751e8b465ee728b)  -> (artifact id: '2c8d44f7b4f82d1551291e9d9eae3aa0') in 0.004396 seconds
  Import took 0.011469 seconds .

========================================================================
Received Import Request.
  Time since last request: 1.623711 seconds.
  path: Assets/Free Low Poly Chess Set/Board/Materials
  artifactKey: Guid(a3ae66cc0bed32c49aed16fb8e9059f6) Importer(815301076,1909f56bfc062723c751e8b465ee728b)
Start importing Assets/Free Low Poly Chess Set/Board/Materials using Guid(a3ae66cc0bed32c49aed16fb8e9059f6) Importer(815301076,1909f56bfc062723c751e8b465ee728b)  -> (artifact id: 'fe33b32c7fb7f4c96449121cae358a17') in 0.004122 seconds
  Import took 0.016264 seconds .

========================================================================
Received Import Request.
  Time since last request: 0.002012 seconds.
  path: Assets/Free Low Poly Chess Set/Board/Materials
  artifactKey: Guid(a3ae66cc0bed32c49aed16fb8e9059f6) Importer(815301076,1909f56bfc062723c751e8b465ee728b)
Start importing Assets/Free Low Poly Chess Set/Board/Materials using Guid(a3ae66cc0bed32c49aed16fb8e9059f6) Importer(815301076,1909f56bfc062723c751e8b465ee728b)  -> (artifact id: 'fe33b32c7fb7f4c96449121cae358a17') in 0.004847 seconds
  Import took 0.012274 seconds .

========================================================================
Received Import Request.
  Time since last request: 35.862832 seconds.
  path: Assets/Free Low Poly Chess Set/Board/Prefabs/Board.prefab
  artifactKey: Guid(5b856ec4f8f8cb84f861f8f8a026c288) Importer(815301076,1909f56bfc062723c751e8b465ee728b)
Start importing Assets/Free Low Poly Chess Set/Board/Prefabs/Board.prefab using Guid(5b856ec4f8f8cb84f861f8f8a026c288) Importer(815301076,1909f56bfc062723c751e8b465ee728b)  -> (artifact id: 'ff526f9990db2dd8d58a80b69e295edc') in 1.911820 seconds
  Import took 1.924450 seconds .

========================================================================
Received Import Request.
  Time since last request: 3.136456 seconds.
  path: Assets/Free Low Poly Chess Set/Board/Mesh/board.fbx
  artifactKey: Guid(ba44901e27656394a83c87ba14ddbdd9) Importer(815301076,1909f56bfc062723c751e8b465ee728b)
Start importing Assets/Free Low Poly Chess Set/Board/Mesh/board.fbx using Guid(ba44901e27656394a83c87ba14ddbdd9) Importer(815301076,1909f56bfc062723c751e8b465ee728b)  -> (artifact id: '3e96db137a7bb07fb9da452d846fd3e8') in 1.783452 seconds
  Import took 1.793205 seconds .

========================================================================
Received Import Request.
  Time since last request: 4.657755 seconds.
  path: Assets/Free Low Poly Chess Set/Board/Mesh
  artifactKey: Guid(26ffc5234ae753a4cade4bafde94a1c2) Importer(815301076,1909f56bfc062723c751e8b465ee728b)
Start importing Assets/Free Low Poly Chess Set/Board/Mesh using Guid(26ffc5234ae753a4cade4bafde94a1c2) Importer(815301076,1909f56bfc062723c751e8b465ee728b)  -> (artifact id: '7a6f8bb720037c928fc0c4120453d39d') in 0.005805 seconds
  Import took 0.013090 seconds .

========================================================================
Received Import Request.
  Time since last request: 22.261207 seconds.
  path: Assets/Free Low Poly Chess Set/Board/Mesh/board.fbx
  artifactKey: Guid(ba44901e27656394a83c87ba14ddbdd9) Importer(815301076,1909f56bfc062723c751e8b465ee728b)
Start importing Assets/Free Low Poly Chess Set/Board/Mesh/board.fbx using Guid(ba44901e27656394a83c87ba14ddbdd9) Importer(815301076,1909f56bfc062723c751e8b465ee728b)  -> (artifact id: 'de7652a03fcab091637c8a15b24c0244') in 0.032674 seconds
  Import took 0.053266 seconds .

========================================================================
Received Prepare
Registering precompiled user dll's ...
Registered in 0.002118 seconds.
Begin MonoManager ReloadAssembly
Native extension for OSXStandalone target not found
Native extension for WebGL target not found
Refreshing native plugins compatible for Editor in 0.34 ms, found 1 plugins.
Preloading 0 native plugins for Editor in 0.00 ms.
Mono: successfully reloaded assembly
- Completed reload, in  3.298 seconds
Platform modules already initialized, skipping
Refreshing native plugins compatible for Editor in 0.26 ms, found 1 plugins.
Preloading 0 native plugins for Editor in 0.00 ms.
Unloading 1120 Unused Serialized files (Serialized files now loaded: 0)
System memory in use before: 121.1 MB.
System memory in use after: 121.1 MB.

Unloading 5 unused Assets to reduce memory usage. Loaded Objects now: 1580.
Total: 7.699871 ms (FindLiveObjects: 0.215892 ms CreateObjectMapping: 0.098311 ms MarkObjects: 7.270703 ms  DeleteObjects: 0.112388 ms)

========================================================================
Received Import Request.
  Time since last request: 72.394923 seconds.
  path: Assets/Free Low Poly Chess Set/Board/Mesh/board.fbx
  artifactKey: Guid(ba44901e27656394a83c87ba14ddbdd9) Importer(815301076,1909f56bfc062723c751e8b465ee728b)
Start importing Assets/Free Low Poly Chess Set/Board/Mesh/board.fbx using Guid(ba44901e27656394a83c87ba14ddbdd9) Importer(815301076,1909f56bfc062723c751e8b465ee728b)  -> (artifact id: 'afc282961568e60e1c640b0f8d3cd273') in 0.313252 seconds
  Import took 0.322715 seconds .

========================================================================
Received Import Request.
  Time since last request: 3.369245 seconds.
  path: Assets/Free Low Poly Chess Set/Board/Mesh/board.fbx
  artifactKey: Guid(ba44901e27656394a83c87ba14ddbdd9) Importer(815301076,1909f56bfc062723c751e8b465ee728b)
Start importing Assets/Free Low Poly Chess Set/Board/Mesh/board.fbx using Guid(ba44901e27656394a83c87ba14ddbdd9) Importer(815301076,1909f56bfc062723c751e8b465ee728b)  -> (artifact id: 'bf5f61ffc503348b6c587f046919b282') in 0.026365 seconds
  Import took 0.031962 seconds .

========================================================================
Received Prepare
Registering precompiled user dll's ...
Registered in 0.002767 seconds.
Begin MonoManager ReloadAssembly
Native extension for OSXStandalone target not found
Native extension for WebGL target not found
Refreshing native plugins compatible for Editor in 0.23 ms, found 1 plugins.
Preloading 0 native plugins for Editor in 0.00 ms.
Mono: successfully reloaded assembly
- Completed reload, in  1.366 seconds
Platform modules already initialized, skipping
Refreshing native plugins compatible for Editor in 0.25 ms, found 1 plugins.
Preloading 0 native plugins for Editor in 0.00 ms.
Unloading 1120 Unused Serialized files (Serialized files now loaded: 0)
System memory in use before: 121.5 MB.
System memory in use after: 121.6 MB.

Unloading 5 unused Assets to reduce memory usage. Loaded Objects now: 1584.
Total: 1.835442 ms (FindLiveObjects: 0.161349 ms CreateObjectMapping: 0.042493 ms MarkObjects: 1.570931 ms  DeleteObjects: 0.059494 ms)

========================================================================
Received Import Request.
  Time since last request: 215.608267 seconds.
  path: Assets
  artifactKey: Guid(00000000000000001000000000000000) Importer(815301076,1909f56bfc062723c751e8b465ee728b)
Start importing Assets using Guid(00000000000000001000000000000000) Importer(815301076,1909f56bfc062723c751e8b465ee728b)  -> (artifact id: '42d402b061de3733987d63b9cc3b64de') in 0.019222 seconds
  Import took 0.027651 seconds .

========================================================================
Received Prepare
Registering precompiled user dll's ...
Registered in 0.000682 seconds.
Begin MonoManager ReloadAssembly
Native extension for OSXStandalone target not found
Native extension for WebGL target not found
Refreshing native plugins compatible for Editor in 0.46 ms, found 1 plugins.
Preloading 0 native plugins for Editor in 0.00 ms.
Mono: successfully reloaded assembly
- Completed reload, in  4.571 seconds
Platform modules already initialized, skipping
Refreshing native plugins compatible for Editor in 0.23 ms, found 1 plugins.
Preloading 0 native plugins for Editor in 0.00 ms.
Unloading 1120 Unused Serialized files (Serialized files now loaded: 0)
System memory in use before: 121.6 MB.
System memory in use after: 121.7 MB.

Unloading 5 unused Assets to reduce memory usage. Loaded Objects now: 1587.
Total: 2.385845 ms (FindLiveObjects: 0.150921 ms CreateObjectMapping: 0.036604 ms MarkObjects: 1.925390 ms  DeleteObjects: 0.271095 ms)

========================================================================
Received Prepare
Registering precompiled user dll's ...
Registered in 0.009166 seconds.
Begin MonoManager ReloadAssembly
Native extension for OSXStandalone target not found
Native extension for WebGL target not found
Refreshing native plugins compatible for Editor in 0.26 ms, found 1 plugins.
Preloading 0 native plugins for Editor in 0.00 ms.
Mono: successfully reloaded assembly
- Completed reload, in  1.607 seconds
Platform modules already initialized, skipping
Refreshing native plugins compatible for Editor in 0.22 ms, found 1 plugins.
Preloading 0 native plugins for Editor in 0.00 ms.
Unloading 1120 Unused Serialized files (Serialized files now loaded: 0)
System memory in use before: 121.8 MB.
System memory in use after: 121.9 MB.

Unloading 5 unused Assets to reduce memory usage. Loaded Objects now: 1590.
Total: 2.344394 ms (FindLiveObjects: 0.214848 ms CreateObjectMapping: 0.070863 ms MarkObjects: 1.966709 ms  DeleteObjects: 0.090403 ms)

========================================================================
Received Prepare
Registering precompiled user dll's ...
Registered in 0.000690 seconds.
Begin MonoManager ReloadAssembly
Native extension for OSXStandalone target not found
Native extension for WebGL target not found
Refreshing native plugins compatible for Editor in 0.24 ms, found 1 plugins.
Preloading 0 native plugins for Editor in 0.00 ms.
Mono: successfully reloaded assembly
- Completed reload, in  1.877 seconds
Platform modules already initialized, skipping
Refreshing native plugins compatible for Editor in 0.26 ms, found 1 plugins.
Preloading 0 native plugins for Editor in 0.00 ms.
Unloading 1120 Unused Serialized files (Serialized files now loaded: 0)
System memory in use before: 122.0 MB.
System memory in use after: 122.1 MB.

Unloading 5 unused Assets to reduce memory usage. Loaded Objects now: 1593.
Total: 2.830363 ms (FindLiveObjects: 0.395586 ms CreateObjectMapping: 0.083992 ms MarkObjects: 2.183973 ms  DeleteObjects: 0.164717 ms)

========================================================================
Received Import Request.
  Time since last request: 342.355488 seconds.
  path: Assets/Artwork
  artifactKey: Guid(b9d3f6798fd2246e0b6daf8b471b786c) Importer(815301076,1909f56bfc062723c751e8b465ee728b)
Start importing Assets/Artwork using Guid(b9d3f6798fd2246e0b6daf8b471b786c) Importer(815301076,1909f56bfc062723c751e8b465ee728b)  -> (artifact id: 'e15f3d4e39d29db5dc7e93a5605a5e14') in 0.023314 seconds
  Import took 0.031963 seconds .

========================================================================
Received Import Request.
  Time since last request: 0.000740 seconds.
  path: Assets/Artwork
  artifactKey: Guid(b9d3f6798fd2246e0b6daf8b471b786c) Importer(815301076,1909f56bfc062723c751e8b465ee728b)
Start importing Assets/Artwork using Guid(b9d3f6798fd2246e0b6daf8b471b786c) Importer(815301076,1909f56bfc062723c751e8b465ee728b)  -> (artifact id: 'e15f3d4e39d29db5dc7e93a5605a5e14') in 0.009571 seconds
  Import took 0.012385 seconds .

========================================================================
Received Prepare
Registering precompiled user dll's ...
Registered in 0.001932 seconds.
Begin MonoManager ReloadAssembly
Native extension for OSXStandalone target not found
Native extension for WebGL target not found
Refreshing native plugins compatible for Editor in 0.34 ms, found 1 plugins.
Preloading 0 native plugins for Editor in 0.00 ms.
Mono: successfully reloaded assembly
- Completed reload, in  1.383 seconds
Platform modules already initialized, skipping
Refreshing native plugins compatible for Editor in 0.25 ms, found 1 plugins.
Preloading 0 native plugins for Editor in 0.00 ms.
Unloading 1120 Unused Serialized files (Serialized files now loaded: 0)
System memory in use before: 122.2 MB.
System memory in use after: 122.3 MB.

Unloading 5 unused Assets to reduce memory usage. Loaded Objects now: 1596.
Total: 2.042509 ms (FindLiveObjects: 0.176788 ms CreateObjectMapping: 0.046008 ms MarkObjects: 1.756453 ms  DeleteObjects: 0.062033 ms)

========================================================================
Received Import Request.
  Time since last request: 415.148784 seconds.
  path: Assets/Free Low Poly Chess Set/Bishop/Texture
  artifactKey: Guid(f1da2d612b15fd04a8c2bab404d0f772) Importer(815301076,1909f56bfc062723c751e8b465ee728b)
Start importing Assets/Free Low Poly Chess Set/Bishop/Texture using Guid(f1da2d612b15fd04a8c2bab404d0f772) Importer(815301076,1909f56bfc062723c751e8b465ee728b)  -> (artifact id: 'fc27e0f7fe182560283eca8a07ba225c') in 0.014987 seconds
  Import took 0.023323 seconds .

========================================================================
Received Prepare
Registering precompiled user dll's ...
Registered in 0.000516 seconds.
Begin MonoManager ReloadAssembly
Native extension for OSXStandalone target not found
Native extension for WebGL target not found
Refreshing native plugins compatible for Editor in 0.24 ms, found 1 plugins.
Preloading 0 native plugins for Editor in 0.00 ms.
Mono: successfully reloaded assembly
- Completed reload, in  1.569 seconds
Platform modules already initialized, skipping
Refreshing native plugins compatible for Editor in 0.23 ms, found 1 plugins.
Preloading 0 native plugins for Editor in 0.00 ms.
Unloading 1120 Unused Serialized files (Serialized files now loaded: 0)
System memory in use before: 122.4 MB.
System memory in use after: 122.4 MB.

Unloading 5 unused Assets to reduce memory usage. Loaded Objects now: 1599.
Total: 2.201445 ms (FindLiveObjects: 0.151595 ms CreateObjectMapping: 0.035896 ms MarkObjects: 1.942882 ms  DeleteObjects: 0.069750 ms)

========================================================================
Received Prepare
Registering precompiled user dll's ...
Registered in 0.002374 seconds.
Begin MonoManager ReloadAssembly
Native extension for OSXStandalone target not found
Native extension for WebGL target not found
Refreshing native plugins compatible for Editor in 0.32 ms, found 1 plugins.
Preloading 0 native plugins for Editor in 0.00 ms.
Mono: successfully reloaded assembly
- Completed reload, in  1.826 seconds
Platform modules already initialized, skipping
Refreshing native plugins compatible for Editor in 0.30 ms, found 1 plugins.
Preloading 0 native plugins for Editor in 0.00 ms.
Unloading 1120 Unused Serialized files (Serialized files now loaded: 0)
System memory in use before: 122.5 MB.
System memory in use after: 122.6 MB.

Unloading 5 unused Assets to reduce memory usage. Loaded Objects now: 1602.
Total: 2.039642 ms (FindLiveObjects: 0.422748 ms CreateObjectMapping: 0.052182 ms MarkObjects: 1.412275 ms  DeleteObjects: 0.150691 ms)

========================================================================
Received Import Request.
  Time since last request: 245.307292 seconds.
  path: Assets/Prefabs/highlight.prefab
  artifactKey: Guid(42647932c349045a0a56db438d1e6be2) Importer(815301076,1909f56bfc062723c751e8b465ee728b)
Start importing Assets/Prefabs/highlight.prefab using Guid(42647932c349045a0a56db438d1e6be2) Importer(815301076,1909f56bfc062723c751e8b465ee728b)  -> (artifact id: 'dbba592f36cf09dbf95953ad4827e000') in 0.611561 seconds
  Import took 0.616207 seconds .

========================================================================
Received Prepare
Registering precompiled user dll's ...
Registered in 0.003014 seconds.
Begin MonoManager ReloadAssembly
Native extension for OSXStandalone target not found
Native extension for WebGL target not found
Refreshing native plugins compatible for Editor in 0.28 ms, found 1 plugins.
Preloading 0 native plugins for Editor in 0.00 ms.
Mono: successfully reloaded assembly
- Completed reload, in  1.346 seconds
Platform modules already initialized, skipping
Refreshing native plugins compatible for Editor in 0.24 ms, found 1 plugins.
Preloading 0 native plugins for Editor in 0.00 ms.
Unloading 1120 Unused Serialized files (Serialized files now loaded: 0)
System memory in use before: 122.9 MB.
System memory in use after: 122.9 MB.

Unloading 5 unused Assets to reduce memory usage. Loaded Objects now: 1607.
Total: 1.908795 ms (FindLiveObjects: 0.152072 ms CreateObjectMapping: 0.035921 ms MarkObjects: 1.656604 ms  DeleteObjects: 0.063048 ms)

========================================================================
Received Import Request.
  Time since last request: 717.944887 seconds.
  path: Assets/TSF/Textures/MatCap_Toon3R.psd
  artifactKey: Guid(d245f9671bf6842d48d1a304086ee00d) Importer(815301076,1909f56bfc062723c751e8b465ee728b)
Start importing Assets/TSF/Textures/MatCap_Toon3R.psd using Guid(d245f9671bf6842d48d1a304086ee00d) Importer(815301076,1909f56bfc062723c751e8b465ee728b)  -> (artifact id: '73e50938f826b73e92b6727f47296ab0') in 1.823281 seconds
  Import took 1.849045 seconds .

========================================================================
Received Import Request.
  Time since last request: 0.000369 seconds.
  path: Assets/TSF/Textures/MatCap_Toon5R.psd
  artifactKey: Guid(5da13de1423af4fc2bc2719a8513c0db) Importer(815301076,1909f56bfc062723c751e8b465ee728b)
Start importing Assets/TSF/Textures/MatCap_Toon5R.psd using Guid(5da13de1423af4fc2bc2719a8513c0db) Importer(815301076,1909f56bfc062723c751e8b465ee728b)  -> (artifact id: 'ab8716a08dd969f1e17390eeba2caf47') in 0.013863 seconds
  Import took 0.021112 seconds .

========================================================================
Received Import Request.
  Time since last request: 0.000356 seconds.
  path: Assets/TSF/Textures/MatCap_Toon4.png
  artifactKey: Guid(39413e2567f4b452db0d4a76dbef5419) Importer(815301076,1909f56bfc062723c751e8b465ee728b)
Start importing Assets/TSF/Textures/MatCap_Toon4.png using Guid(39413e2567f4b452db0d4a76dbef5419) Importer(815301076,1909f56bfc062723c751e8b465ee728b)  -> (artifact id: 'a2f0fec4749dec687c9560a985c4eb78') in 1.703146 seconds
  Import took 1.707043 seconds .

========================================================================
Received Import Request.
  Time since last request: 0.000447 seconds.
  path: Assets/TSF/Textures/MatCap_Toon4R.psd
  artifactKey: Guid(a7a5f2c16dd774776bf1d9d82cb24bb9) Importer(815301076,1909f56bfc062723c751e8b465ee728b)
Start importing Assets/TSF/Textures/MatCap_Toon4R.psd using Guid(a7a5f2c16dd774776bf1d9d82cb24bb9) Importer(815301076,1909f56bfc062723c751e8b465ee728b)  -> (artifact id: '6c309831630a43de5fe169cc9d719319') in 0.029505 seconds
  Import took 0.034489 seconds .

========================================================================
Received Import Request.
  Time since last request: 291.224798 seconds.
  path: Assets/TSF
  artifactKey: Guid(b321769ed2506474284b7bf29bdf8930) Importer(815301076,1909f56bfc062723c751e8b465ee728b)
Start importing Assets/TSF using Guid(b321769ed2506474284b7bf29bdf8930) Importer(815301076,1909f56bfc062723c751e8b465ee728b)  -> (artifact id: 'b558c7a423f7e1311d58694bf2784d89') in 0.006546 seconds
  Import took 0.016863 seconds .

========================================================================
Received Import Request.
  Time since last request: 0.000849 seconds.
  path: Assets/TSF
  artifactKey: Guid(b321769ed2506474284b7bf29bdf8930) Importer(815301076,1909f56bfc062723c751e8b465ee728b)
Start importing Assets/TSF using Guid(b321769ed2506474284b7bf29bdf8930) Importer(815301076,1909f56bfc062723c751e8b465ee728b)  -> (artifact id: 'b558c7a423f7e1311d58694bf2784d89') in 0.001158 seconds
  Import took 0.005791 seconds .

========================================================================
Received Prepare
Registering precompiled user dll's ...
Registered in 0.001246 seconds.
Begin MonoManager ReloadAssembly
Native extension for OSXStandalone target not found
Native extension for WebGL target not found
Refreshing native plugins compatible for Editor in 0.24 ms, found 1 plugins.
Preloading 0 native plugins for Editor in 0.00 ms.
Mono: successfully reloaded assembly
- Completed reload, in  1.515 seconds
Platform modules already initialized, skipping
Refreshing native plugins compatible for Editor in 0.25 ms, found 1 plugins.
Preloading 0 native plugins for Editor in 0.00 ms.
Unloading 1120 Unused Serialized files (Serialized files now loaded: 0)
System memory in use before: 131.8 MB.
System memory in use after: 131.9 MB.

Unloading 5 unused Assets to reduce memory usage. Loaded Objects now: 1612.
Total: 2.052149 ms (FindLiveObjects: 0.225260 ms CreateObjectMapping: 0.041244 ms MarkObjects: 1.671495 ms  DeleteObjects: 0.112528 ms)

========================================================================
Received Prepare
Registering precompiled user dll's ...
Registered in 0.000707 seconds.
Begin MonoManager ReloadAssembly
Native extension for OSXStandalone target not found
Native extension for WebGL target not found
Refreshing native plugins compatible for Editor in 0.23 ms, found 1 plugins.
Preloading 0 native plugins for Editor in 0.00 ms.
Mono: successfully reloaded assembly
- Completed reload, in  1.152 seconds
Platform modules already initialized, skipping
Refreshing native plugins compatible for Editor in 0.24 ms, found 1 plugins.
Preloading 0 native plugins for Editor in 0.00 ms.
Unloading 1120 Unused Serialized files (Serialized files now loaded: 0)
System memory in use before: 132.0 MB.
System memory in use after: 132.1 MB.

Unloading 5 unused Assets to reduce memory usage. Loaded Objects now: 1615.
Total: 1.787330 ms (FindLiveObjects: 0.148150 ms CreateObjectMapping: 0.035780 ms MarkObjects: 1.542246 ms  DeleteObjects: 0.060069 ms)

========================================================================
Received Prepare
Registering precompiled user dll's ...
Registered in 0.001430 seconds.
Begin MonoManager ReloadAssembly
Native extension for OSXStandalone target not found
Native extension for WebGL target not found
Refreshing native plugins compatible for Editor in 0.26 ms, found 1 plugins.
Preloading 0 native plugins for Editor in 0.00 ms.
Mono: successfully reloaded assembly
- Completed reload, in  1.319 seconds
Platform modules already initialized, skipping
Refreshing native plugins compatible for Editor in 0.24 ms, found 1 plugins.
Preloading 0 native plugins for Editor in 0.00 ms.
Unloading 1120 Unused Serialized files (Serialized files now loaded: 0)
System memory in use before: 132.2 MB.
System memory in use after: 132.3 MB.

Unloading 5 unused Assets to reduce memory usage. Loaded Objects now: 1618.
Total: 2.874595 ms (FindLiveObjects: 0.169414 ms CreateObjectMapping: 0.038166 ms MarkObjects: 2.598676 ms  DeleteObjects: 0.067146 ms)

========================================================================
Received Prepare
Registering precompiled user dll's ...
Registered in 0.002129 seconds.
Begin MonoManager ReloadAssembly
Native extension for OSXStandalone target not found
Native extension for WebGL target not found
Refreshing native plugins compatible for Editor in 0.23 ms, found 1 plugins.
Preloading 0 native plugins for Editor in 0.00 ms.
Mono: successfully reloaded assembly
- Completed reload, in  1.719 seconds
Platform modules already initialized, skipping
Refreshing native plugins compatible for Editor in 0.27 ms, found 1 plugins.
Preloading 0 native plugins for Editor in 0.00 ms.
Unloading 1120 Unused Serialized files (Serialized files now loaded: 0)
System memory in use before: 132.4 MB.
System memory in use after: 132.5 MB.

Unloading 5 unused Assets to reduce memory usage. Loaded Objects now: 1621.
Total: 2.394384 ms (FindLiveObjects: 0.642928 ms CreateObjectMapping: 0.065802 ms MarkObjects: 1.613158 ms  DeleteObjects: 0.070770 ms)

========================================================================
Received Prepare
Registering precompiled user dll's ...
Registered in 0.000797 seconds.
Begin MonoManager ReloadAssembly
Native extension for OSXStandalone target not found
Native extension for WebGL target not found
Refreshing native plugins compatible for Editor in 0.27 ms, found 1 plugins.
Preloading 0 native plugins for Editor in 0.00 ms.
Mono: successfully reloaded assembly
- Completed reload, in  2.147 seconds
Platform modules already initialized, skipping
Refreshing native plugins compatible for Editor in 0.22 ms, found 1 plugins.
Preloading 0 native plugins for Editor in 0.00 ms.
Unloading 1120 Unused Serialized files (Serialized files now loaded: 0)
System memory in use before: 132.6 MB.
System memory in use after: 132.6 MB.

Unloading 5 unused Assets to reduce memory usage. Loaded Objects now: 1624.
Total: 2.115279 ms (FindLiveObjects: 0.231680 ms CreateObjectMapping: 0.069510 ms MarkObjects: 1.734567 ms  DeleteObjects: 0.078228 ms)

========================================================================
Received Prepare
Registering precompiled user dll's ...
Registered in 0.000710 seconds.
Begin MonoManager ReloadAssembly
Native extension for OSXStandalone target not found
Native extension for WebGL target not found
Refreshing native plugins compatible for Editor in 0.39 ms, found 1 plugins.
Preloading 0 native plugins for Editor in 0.00 ms.
Mono: successfully reloaded assembly
- Completed reload, in  1.755 seconds
Platform modules already initialized, skipping
Refreshing native plugins compatible for Editor in 0.48 ms, found 1 plugins.
Preloading 0 native plugins for Editor in 0.00 ms.
Unloading 1120 Unused Serialized files (Serialized files now loaded: 0)
System memory in use before: 132.8 MB.
System memory in use after: 132.8 MB.

Unloading 5 unused Assets to reduce memory usage. Loaded Objects now: 1627.
Total: 1.944240 ms (FindLiveObjects: 0.264896 ms CreateObjectMapping: 0.077414 ms MarkObjects: 1.536830 ms  DeleteObjects: 0.062714 ms)

========================================================================
Received Prepare
Registering precompiled user dll's ...
Registered in 0.000517 seconds.
Begin MonoManager ReloadAssembly
Native extension for OSXStandalone target not found
Native extension for WebGL target not found
Refreshing native plugins compatible for Editor in 0.23 ms, found 1 plugins.
Preloading 0 native plugins for Editor in 0.00 ms.
Mono: successfully reloaded assembly
- Completed reload, in  1.529 seconds
Platform modules already initialized, skipping
Refreshing native plugins compatible for Editor in 0.24 ms, found 1 plugins.
Preloading 0 native plugins for Editor in 0.00 ms.
Unloading 1120 Unused Serialized files (Serialized files now loaded: 0)
System memory in use before: 133.0 MB.
System memory in use after: 133.0 MB.

Unloading 5 unused Assets to reduce memory usage. Loaded Objects now: 1630.
Total: 1.762842 ms (FindLiveObjects: 0.172120 ms CreateObjectMapping: 0.041466 ms MarkObjects: 1.482866 ms  DeleteObjects: 0.065272 ms)

========================================================================
Received Prepare
Registering precompiled user dll's ...
Registered in 0.000535 seconds.
Begin MonoManager ReloadAssembly
Native extension for OSXStandalone target not found
Native extension for WebGL target not found
Refreshing native plugins compatible for Editor in 0.38 ms, found 1 plugins.
Preloading 0 native plugins for Editor in 0.00 ms.
Mono: successfully reloaded assembly
- Completed reload, in  1.337 seconds
Platform modules already initialized, skipping
Refreshing native plugins compatible for Editor in 0.23 ms, found 1 plugins.
Preloading 0 native plugins for Editor in 0.00 ms.
Unloading 1120 Unused Serialized files (Serialized files now loaded: 0)
System memory in use before: 133.2 MB.
System memory in use after: 133.3 MB.

Unloading 5 unused Assets to reduce memory usage. Loaded Objects now: 1633.
Total: 2.081462 ms (FindLiveObjects: 0.160471 ms CreateObjectMapping: 0.067366 ms MarkObjects: 1.787672 ms  DeleteObjects: 0.064901 ms)

========================================================================
Received Prepare
Registering precompiled user dll's ...
Registered in 0.000568 seconds.
Begin MonoManager ReloadAssembly
Native extension for OSXStandalone target not found
Native extension for WebGL target not found
Refreshing native plugins compatible for Editor in 0.24 ms, found 1 plugins.
Preloading 0 native plugins for Editor in 0.00 ms.
Mono: successfully reloaded assembly
- Completed reload, in  1.335 seconds
Platform modules already initialized, skipping
Refreshing native plugins compatible for Editor in 0.23 ms, found 1 plugins.
Preloading 0 native plugins for Editor in 0.00 ms.
Unloading 1120 Unused Serialized files (Serialized files now loaded: 0)
System memory in use before: 133.3 MB.
System memory in use after: 133.4 MB.

Unloading 5 unused Assets to reduce memory usage. Loaded Objects now: 1636.
Total: 1.770566 ms (FindLiveObjects: 0.157614 ms CreateObjectMapping: 0.037297 ms MarkObjects: 1.498637 ms  DeleteObjects: 0.075873 ms)

========================================================================
Received Prepare
Registering precompiled user dll's ...
Registered in 0.000652 seconds.
Begin MonoManager ReloadAssembly
Native extension for OSXStandalone target not found
Native extension for WebGL target not found
Refreshing native plugins compatible for Editor in 0.24 ms, found 1 plugins.
Preloading 0 native plugins for Editor in 0.00 ms.
Mono: successfully reloaded assembly
- Completed reload, in  1.423 seconds
Platform modules already initialized, skipping
Refreshing native plugins compatible for Editor in 0.24 ms, found 1 plugins.
Preloading 0 native plugins for Editor in 0.00 ms.
Unloading 1120 Unused Serialized files (Serialized files now loaded: 0)
System memory in use before: 133.5 MB.
System memory in use after: 133.6 MB.

Unloading 5 unused Assets to reduce memory usage. Loaded Objects now: 1639.
Total: 1.895129 ms (FindLiveObjects: 0.165824 ms CreateObjectMapping: 0.037724 ms MarkObjects: 1.622364 ms  DeleteObjects: 0.067933 ms)

========================================================================
Received Prepare
Registering precompiled user dll's ...
Registered in 0.007197 seconds.
Begin MonoManager ReloadAssembly
Native extension for OSXStandalone target not found
Native extension for WebGL target not found
Refreshing native plugins compatible for Editor in 0.25 ms, found 1 plugins.
Preloading 0 native plugins for Editor in 0.00 ms.
Mono: successfully reloaded assembly
- Completed reload, in  1.505 seconds
Platform modules already initialized, skipping
Refreshing native plugins compatible for Editor in 0.28 ms, found 1 plugins.
Preloading 0 native plugins for Editor in 0.00 ms.
Unloading 1120 Unused Serialized files (Serialized files now loaded: 0)
System memory in use before: 133.8 MB.
System memory in use after: 133.8 MB.

Unloading 5 unused Assets to reduce memory usage. Loaded Objects now: 1642.
Total: 2.295842 ms (FindLiveObjects: 0.210523 ms CreateObjectMapping: 0.037520 ms MarkObjects: 1.945051 ms  DeleteObjects: 0.101340 ms)

========================================================================
Received Prepare
Registering precompiled user dll's ...
Registered in 0.000613 seconds.
Begin MonoManager ReloadAssembly
Native extension for OSXStandalone target not found
Native extension for WebGL target not found
Refreshing native plugins compatible for Editor in 0.23 ms, found 1 plugins.
Preloading 0 native plugins for Editor in 0.00 ms.
Mono: successfully reloaded assembly
- Completed reload, in  1.396 seconds
Platform modules already initialized, skipping
Refreshing native plugins compatible for Editor in 0.23 ms, found 1 plugins.
Preloading 0 native plugins for Editor in 0.00 ms.
Unloading 1120 Unused Serialized files (Serialized files now loaded: 0)
System memory in use before: 134.0 MB.
System memory in use after: 134.0 MB.

Unloading 5 unused Assets to reduce memory usage. Loaded Objects now: 1645.
Total: 5.267227 ms (FindLiveObjects: 0.947618 ms CreateObjectMapping: 0.371953 ms MarkObjects: 3.785185 ms  DeleteObjects: 0.160307 ms)

========================================================================
Received Prepare
Registering precompiled user dll's ...
Registered in 0.000484 seconds.
Begin MonoManager ReloadAssembly
Native extension for OSXStandalone target not found
Native extension for WebGL target not found
Refreshing native plugins compatible for Editor in 0.57 ms, found 1 plugins.
Preloading 0 native plugins for Editor in 0.00 ms.
Mono: successfully reloaded assembly
- Completed reload, in  1.287 seconds
Platform modules already initialized, skipping
Refreshing native plugins compatible for Editor in 0.26 ms, found 1 plugins.
Preloading 0 native plugins for Editor in 0.00 ms.
Unloading 1120 Unused Serialized files (Serialized files now loaded: 0)
System memory in use before: 134.1 MB.
System memory in use after: 134.2 MB.

Unloading 5 unused Assets to reduce memory usage. Loaded Objects now: 1648.
Total: 2.024311 ms (FindLiveObjects: 0.160768 ms CreateObjectMapping: 0.037873 ms MarkObjects: 1.756031 ms  DeleteObjects: 0.068394 ms)

========================================================================
Received Prepare
Registering precompiled user dll's ...
Registered in 0.000488 seconds.
Begin MonoManager ReloadAssembly
Native extension for OSXStandalone target not found
Native extension for WebGL target not found
Refreshing native plugins compatible for Editor in 0.23 ms, found 1 plugins.
Preloading 0 native plugins for Editor in 0.00 ms.
Mono: successfully reloaded assembly
- Completed reload, in  1.349 seconds
Platform modules already initialized, skipping
Refreshing native plugins compatible for Editor in 0.24 ms, found 1 plugins.
Preloading 0 native plugins for Editor in 0.00 ms.
Unloading 1120 Unused Serialized files (Serialized files now loaded: 0)
System memory in use before: 134.3 MB.
System memory in use after: 134.4 MB.

Unloading 5 unused Assets to reduce memory usage. Loaded Objects now: 1651.
Total: 2.847383 ms (FindLiveObjects: 0.157830 ms CreateObjectMapping: 0.037178 ms MarkObjects: 2.583502 ms  DeleteObjects: 0.067784 ms)

========================================================================
Received Prepare
Registering precompiled user dll's ...
Registered in 0.000876 seconds.
Begin MonoManager ReloadAssembly
Native extension for OSXStandalone target not found
Native extension for WebGL target not found
Refreshing native plugins compatible for Editor in 0.24 ms, found 1 plugins.
Preloading 0 native plugins for Editor in 0.00 ms.
Mono: successfully reloaded assembly
- Completed reload, in  2.524 seconds
Platform modules already initialized, skipping
Refreshing native plugins compatible for Editor in 0.31 ms, found 1 plugins.
Preloading 0 native plugins for Editor in 0.00 ms.
Unloading 1120 Unused Serialized files (Serialized files now loaded: 0)
System memory in use before: 134.5 MB.
System memory in use after: 134.6 MB.

Unloading 5 unused Assets to reduce memory usage. Loaded Objects now: 1654.
Total: 1.978761 ms (FindLiveObjects: 0.161129 ms CreateObjectMapping: 0.037142 ms MarkObjects: 1.713778 ms  DeleteObjects: 0.065488 ms)

========================================================================
Received Prepare
Registering precompiled user dll's ...
Registered in 0.000674 seconds.
Begin MonoManager ReloadAssembly
Native extension for OSXStandalone target not found
Native extension for WebGL target not found
Refreshing native plugins compatible for Editor in 0.23 ms, found 1 plugins.
Preloading 0 native plugins for Editor in 0.00 ms.
Mono: successfully reloaded assembly
- Completed reload, in  1.427 seconds
Platform modules already initialized, skipping
Refreshing native plugins compatible for Editor in 0.57 ms, found 1 plugins.
Preloading 0 native plugins for Editor in 0.00 ms.
Unloading 1120 Unused Serialized files (Serialized files now loaded: 0)
System memory in use before: 134.7 MB.
System memory in use after: 134.8 MB.

Unloading 5 unused Assets to reduce memory usage. Loaded Objects now: 1657.
Total: 1.633636 ms (FindLiveObjects: 0.151956 ms CreateObjectMapping: 0.036525 ms MarkObjects: 1.383339 ms  DeleteObjects: 0.060726 ms)

========================================================================
Received Prepare
Registering precompiled user dll's ...
Registered in 0.000733 seconds.
Begin MonoManager ReloadAssembly
Native extension for OSXStandalone target not found
Native extension for WebGL target not found
Refreshing native plugins compatible for Editor in 0.27 ms, found 1 plugins.
Preloading 0 native plugins for Editor in 0.00 ms.
Mono: successfully reloaded assembly
- Completed reload, in  2.034 seconds
Platform modules already initialized, skipping
Refreshing native plugins compatible for Editor in 0.53 ms, found 1 plugins.
Preloading 0 native plugins for Editor in 0.00 ms.
Unloading 1120 Unused Serialized files (Serialized files now loaded: 0)
System memory in use before: 134.8 MB.
System memory in use after: 134.9 MB.

Unloading 5 unused Assets to reduce memory usage. Loaded Objects now: 1660.
Total: 2.097888 ms (FindLiveObjects: 0.160103 ms CreateObjectMapping: 0.036779 ms MarkObjects: 1.841146 ms  DeleteObjects: 0.058560 ms)

========================================================================
Received Prepare
Registering precompiled user dll's ...
Registered in 0.001296 seconds.
Begin MonoManager ReloadAssembly
Native extension for OSXStandalone target not found
Native extension for WebGL target not found
Refreshing native plugins compatible for Editor in 0.29 ms, found 1 plugins.
Preloading 0 native plugins for Editor in 0.00 ms.
Mono: successfully reloaded assembly
- Completed reload, in  3.714 seconds
Platform modules already initialized, skipping
Refreshing native plugins compatible for Editor in 0.35 ms, found 1 plugins.
Preloading 0 native plugins for Editor in 0.00 ms.
Unloading 1120 Unused Serialized files (Serialized files now loaded: 0)
System memory in use before: 135.0 MB.
System memory in use after: 135.1 MB.

Unloading 5 unused Assets to reduce memory usage. Loaded Objects now: 1663.
Total: 6.829149 ms (FindLiveObjects: 0.477732 ms CreateObjectMapping: 0.080330 ms MarkObjects: 6.198092 ms  DeleteObjects: 0.070378 ms)

========================================================================
Received Prepare
Registering precompiled user dll's ...
Registered in 0.000473 seconds.
Begin MonoManager ReloadAssembly
Native extension for OSXStandalone target not found
Native extension for WebGL target not found
Refreshing native plugins compatible for Editor in 0.30 ms, found 1 plugins.
Preloading 0 native plugins for Editor in 0.00 ms.
Mono: successfully reloaded assembly
- Completed reload, in  1.362 seconds
Platform modules already initialized, skipping
Refreshing native plugins compatible for Editor in 0.34 ms, found 1 plugins.
Preloading 0 native plugins for Editor in 0.00 ms.
Unloading 1120 Unused Serialized files (Serialized files now loaded: 0)
System memory in use before: 135.1 MB.
System memory in use after: 135.2 MB.

Unloading 5 unused Assets to reduce memory usage. Loaded Objects now: 1666.
Total: 1.660369 ms (FindLiveObjects: 0.154570 ms CreateObjectMapping: 0.037062 ms MarkObjects: 1.409443 ms  DeleteObjects: 0.058219 ms)

========================================================================
Received Prepare
Registering precompiled user dll's ...
Registered in 0.001289 seconds.
Begin MonoManager ReloadAssembly
Native extension for OSXStandalone target not found
Native extension for WebGL target not found
Refreshing native plugins compatible for Editor in 0.25 ms, found 1 plugins.
Preloading 0 native plugins for Editor in 0.00 ms.
Mono: successfully reloaded assembly
- Completed reload, in  3.179 seconds
Platform modules already initialized, skipping
Refreshing native plugins compatible for Editor in 2.35 ms, found 1 plugins.
Preloading 0 native plugins for Editor in 0.00 ms.
Unloading 1120 Unused Serialized files (Serialized files now loaded: 0)
System memory in use before: 135.4 MB.
System memory in use after: 135.4 MB.

Unloading 5 unused Assets to reduce memory usage. Loaded Objects now: 1669.
Total: 8.576186 ms (FindLiveObjects: 0.350032 ms CreateObjectMapping: 0.101196 ms MarkObjects: 7.662980 ms  DeleteObjects: 0.455040 ms)

========================================================================
Received Prepare
Registering precompiled user dll's ...
Registered in 0.000574 seconds.
Begin MonoManager ReloadAssembly
Native extension for OSXStandalone target not found
Native extension for WebGL target not found
Refreshing native plugins compatible for Editor in 0.42 ms, found 1 plugins.
Preloading 0 native plugins for Editor in 0.00 ms.
Mono: successfully reloaded assembly
- Completed reload, in  1.539 seconds
Platform modules already initialized, skipping
Refreshing native plugins compatible for Editor in 0.24 ms, found 1 plugins.
Preloading 0 native plugins for Editor in 0.00 ms.
Unloading 1120 Unused Serialized files (Serialized files now loaded: 0)
System memory in use before: 135.5 MB.
System memory in use after: 135.6 MB.

Unloading 5 unused Assets to reduce memory usage. Loaded Objects now: 1672.
Total: 1.917105 ms (FindLiveObjects: 0.219765 ms CreateObjectMapping: 0.042271 ms MarkObjects: 1.590112 ms  DeleteObjects: 0.063941 ms)

========================================================================
Received Prepare
Registering precompiled user dll's ...
Registered in 0.000962 seconds.
Begin MonoManager ReloadAssembly
Native extension for OSXStandalone target not found
Native extension for WebGL target not found
Refreshing native plugins compatible for Editor in 0.48 ms, found 1 plugins.
Preloading 0 native plugins for Editor in 0.00 ms.
Mono: successfully reloaded assembly
- Completed reload, in  1.462 seconds
Platform modules already initialized, skipping
Refreshing native plugins compatible for Editor in 0.24 ms, found 1 plugins.
Preloading 0 native plugins for Editor in 0.00 ms.
Unloading 1120 Unused Serialized files (Serialized files now loaded: 0)
System memory in use before: 135.7 MB.
System memory in use after: 135.8 MB.

Unloading 5 unused Assets to reduce memory usage. Loaded Objects now: 1675.
Total: 1.958190 ms (FindLiveObjects: 0.161481 ms CreateObjectMapping: 0.037121 ms MarkObjects: 1.699048 ms  DeleteObjects: 0.059026 ms)

========================================================================
Received Prepare
Registering precompiled user dll's ...
Registered in 0.000496 seconds.
Begin MonoManager ReloadAssembly
Native extension for OSXStandalone target not found
Native extension for WebGL target not found
Refreshing native plugins compatible for Editor in 0.38 ms, found 1 plugins.
Preloading 0 native plugins for Editor in 0.00 ms.
Mono: successfully reloaded assembly
- Completed reload, in  1.726 seconds
Platform modules already initialized, skipping
Refreshing native plugins compatible for Editor in 0.25 ms, found 1 plugins.
Preloading 0 native plugins for Editor in 0.00 ms.
Unloading 1120 Unused Serialized files (Serialized files now loaded: 0)
System memory in use before: 135.9 MB.
System memory in use after: 136.0 MB.

Unloading 5 unused Assets to reduce memory usage. Loaded Objects now: 1678.
Total: 5.263638 ms (FindLiveObjects: 0.308184 ms CreateObjectMapping: 0.058898 ms MarkObjects: 4.800541 ms  DeleteObjects: 0.093458 ms)

========================================================================
Received Prepare
Registering precompiled user dll's ...
Registered in 0.004179 seconds.
Begin MonoManager ReloadAssembly
Native extension for OSXStandalone target not found
Native extension for WebGL target not found
Refreshing native plugins compatible for Editor in 0.23 ms, found 1 plugins.
Preloading 0 native plugins for Editor in 0.00 ms.
Mono: successfully reloaded assembly
- Completed reload, in  1.339 seconds
Platform modules already initialized, skipping
Refreshing native plugins compatible for Editor in 0.36 ms, found 1 plugins.
Preloading 0 native plugins for Editor in 0.00 ms.
Unloading 1120 Unused Serialized files (Serialized files now loaded: 0)
System memory in use before: 136.1 MB.
System memory in use after: 136.2 MB.

Unloading 5 unused Assets to reduce memory usage. Loaded Objects now: 1681.
Total: 3.017365 ms (FindLiveObjects: 0.406674 ms CreateObjectMapping: 0.128852 ms MarkObjects: 2.403292 ms  DeleteObjects: 0.076790 ms)

========================================================================
Received Prepare
Registering precompiled user dll's ...
Registered in 0.000565 seconds.
Begin MonoManager ReloadAssembly
Native extension for OSXStandalone target not found
Native extension for WebGL target not found
Refreshing native plugins compatible for Editor in 0.24 ms, found 1 plugins.
Preloading 0 native plugins for Editor in 0.00 ms.
Mono: successfully reloaded assembly
- Completed reload, in  1.254 seconds
Platform modules already initialized, skipping
Refreshing native plugins compatible for Editor in 0.23 ms, found 1 plugins.
Preloading 0 native plugins for Editor in 0.00 ms.
Unloading 1120 Unused Serialized files (Serialized files now loaded: 0)
System memory in use before: 136.3 MB.
System memory in use after: 136.3 MB.

Unloading 5 unused Assets to reduce memory usage. Loaded Objects now: 1684.
Total: 1.877191 ms (FindLiveObjects: 0.185105 ms CreateObjectMapping: 0.040410 ms MarkObjects: 1.584557 ms  DeleteObjects: 0.065663 ms)

========================================================================
Received Prepare
Registering precompiled user dll's ...
Registered in 0.002385 seconds.
Begin MonoManager ReloadAssembly
Native extension for OSXStandalone target not found
Native extension for WebGL target not found
Refreshing native plugins compatible for Editor in 0.28 ms, found 1 plugins.
Preloading 0 native plugins for Editor in 0.00 ms.
Mono: successfully reloaded assembly
- Completed reload, in  1.231 seconds
Platform modules already initialized, skipping
Refreshing native plugins compatible for Editor in 0.24 ms, found 1 plugins.
Preloading 0 native plugins for Editor in 0.00 ms.
Unloading 1120 Unused Serialized files (Serialized files now loaded: 0)
System memory in use before: 136.4 MB.
System memory in use after: 136.5 MB.

Unloading 5 unused Assets to reduce memory usage. Loaded Objects now: 1687.
Total: 1.827756 ms (FindLiveObjects: 0.156579 ms CreateObjectMapping: 0.037817 ms MarkObjects: 1.573444 ms  DeleteObjects: 0.058641 ms)

========================================================================
Received Prepare
Registering precompiled user dll's ...
Registered in 0.000545 seconds.
Begin MonoManager ReloadAssembly
Native extension for OSXStandalone target not found
Native extension for WebGL target not found
Refreshing native plugins compatible for Editor in 0.34 ms, found 1 plugins.
Preloading 0 native plugins for Editor in 0.00 ms.
Mono: successfully reloaded assembly
- Completed reload, in  1.429 seconds
Platform modules already initialized, skipping
Refreshing native plugins compatible for Editor in 0.28 ms, found 1 plugins.
Preloading 0 native plugins for Editor in 0.00 ms.
Unloading 1120 Unused Serialized files (Serialized files now loaded: 0)
System memory in use before: 136.6 MB.
System memory in use after: 136.7 MB.

Unloading 5 unused Assets to reduce memory usage. Loaded Objects now: 1690.
Total: 1.866040 ms (FindLiveObjects: 0.177190 ms CreateObjectMapping: 0.039177 ms MarkObjects: 1.583828 ms  DeleteObjects: 0.064551 ms)

========================================================================
Received Prepare
Registering precompiled user dll's ...
Registered in 0.000829 seconds.
Begin MonoManager ReloadAssembly
Native extension for OSXStandalone target not found
Native extension for WebGL target not found
Refreshing native plugins compatible for Editor in 0.41 ms, found 1 plugins.
Preloading 0 native plugins for Editor in 0.00 ms.
Mono: successfully reloaded assembly
- Completed reload, in  1.803 seconds
Platform modules already initialized, skipping
Refreshing native plugins compatible for Editor in 0.22 ms, found 1 plugins.
Preloading 0 native plugins for Editor in 0.00 ms.
Unloading 1120 Unused Serialized files (Serialized files now loaded: 0)
System memory in use before: 136.8 MB.
System memory in use after: 136.9 MB.

Unloading 5 unused Assets to reduce memory usage. Loaded Objects now: 1693.
Total: 1.910023 ms (FindLiveObjects: 0.219596 ms CreateObjectMapping: 0.056764 ms MarkObjects: 1.572966 ms  DeleteObjects: 0.058748 ms)

========================================================================
Received Prepare
Registering precompiled user dll's ...
Registered in 0.000581 seconds.
Begin MonoManager ReloadAssembly
Native extension for OSXStandalone target not found
Native extension for WebGL target not found
Refreshing native plugins compatible for Editor in 0.23 ms, found 1 plugins.
Preloading 0 native plugins for Editor in 0.00 ms.
Mono: successfully reloaded assembly
- Completed reload, in  2.043 seconds
Platform modules already initialized, skipping
Refreshing native plugins compatible for Editor in 0.28 ms, found 1 plugins.
Preloading 0 native plugins for Editor in 0.00 ms.
Unloading 1120 Unused Serialized files (Serialized files now loaded: 0)
System memory in use before: 137.0 MB.
System memory in use after: 137.0 MB.

Unloading 5 unused Assets to reduce memory usage. Loaded Objects now: 1696.
Total: 1.854644 ms (FindLiveObjects: 0.200010 ms CreateObjectMapping: 0.045951 ms MarkObjects: 1.551194 ms  DeleteObjects: 0.056398 ms)

